<?xml version="1.0" encoding="UTF-8"?>
<testng-results ignored="0" total="4" passed="2" failed="2" skipped="0">
  <reporter-output>
  </reporter-output>
  <suite started-at="2022-05-13T17:37:46 EEST" name="Default suite" finished-at="2022-05-13T17:38:54 EEST" duration-ms="68450">
    <groups>
    </groups>
    <test started-at="2022-05-13T17:37:46 EEST" name="Default test" finished-at="2022-05-13T17:38:54 EEST" duration-ms="68450">
      <class name="Movies.top_movies">
        <test-method is-config="true" signature="setUP()[pri:0, instance:Movies.top_movies@29e495ff]" started-at="2022-05-13T17:37:46 EEST" name="setUP" finished-at="2022-05-13T17:38:00 EEST" duration-ms="14090" status="PASS">
          <reporter-output>
          </reporter-output>
        </test-method> <!-- setUP -->
        <test-method signature="check_movie_date()[pri:1, instance:Movies.top_movies@29e495ff]" started-at="2022-05-13T17:38:00 EEST" name="check_movie_date" finished-at="2022-05-13T17:38:00 EEST" duration-ms="291" status="FAIL">
          <exception class="java.lang.AssertionError">
            <message>
              <![CDATA[expected [1994-09-23] but found [1994-09-22]]]>
            </message>
            <full-stacktrace>
              <![CDATA[java.lang.AssertionError: expected [1994-09-23] but found [1994-09-22]
at org.testng.Assert.fail(Assert.java:99)
at org.testng.Assert.failNotEquals(Assert.java:1037)
at org.testng.Assert.assertEqualsImpl(Assert.java:140)
at org.testng.Assert.assertEquals(Assert.java:122)
at org.testng.Assert.assertEquals(Assert.java:629)
at org.testng.Assert.assertEquals(Assert.java:639)
at Movies.top_movies.check_movie_date(top_movies.java:35)
at java.base/jdk.internal.reflect.NativeMethodAccessorImpl.invoke0(Native Method)
at java.base/jdk.internal.reflect.NativeMethodAccessorImpl.invoke(NativeMethodAccessorImpl.java:62)
at java.base/jdk.internal.reflect.DelegatingMethodAccessorImpl.invoke(DelegatingMethodAccessorImpl.java:43)
at java.base/java.lang.reflect.Method.invoke(Method.java:566)
at org.testng.internal.MethodInvocationHelper.invokeMethod(MethodInvocationHelper.java:133)
at org.testng.internal.TestInvoker.invokeMethod(TestInvoker.java:598)
at org.testng.internal.TestInvoker.invokeTestMethod(TestInvoker.java:173)
at org.testng.internal.MethodRunner.runInSequence(MethodRunner.java:46)
at org.testng.internal.TestInvoker$MethodInvocationAgent.invoke(TestInvoker.java:824)
at org.testng.internal.TestInvoker.invokeTestMethods(TestInvoker.java:146)
at org.testng.internal.TestMethodWorker.invokeTestMethods(TestMethodWorker.java:146)
at org.testng.internal.TestMethodWorker.run(TestMethodWorker.java:128)
at java.base/java.util.ArrayList.forEach(ArrayList.java:1541)
at org.testng.TestRunner.privateRun(TestRunner.java:794)
at org.testng.TestRunner.run(TestRunner.java:596)
at org.testng.SuiteRunner.runTest(SuiteRunner.java:377)
at org.testng.SuiteRunner.runSequentially(SuiteRunner.java:371)
at org.testng.SuiteRunner.privateRun(SuiteRunner.java:332)
at org.testng.SuiteRunner.run(SuiteRunner.java:276)
at org.testng.SuiteRunnerWorker.runSuite(SuiteRunnerWorker.java:53)
at org.testng.SuiteRunnerWorker.run(SuiteRunnerWorker.java:96)
at org.testng.TestNG.runSuitesSequentially(TestNG.java:1212)
at org.testng.TestNG.runSuitesLocally(TestNG.java:1134)
at org.testng.TestNG.runSuites(TestNG.java:1063)
at org.testng.TestNG.run(TestNG.java:1031)
at org.testng.remote.AbstractRemoteTestNG.run(AbstractRemoteTestNG.java:115)
at org.testng.remote.RemoteTestNG.initAndRun(RemoteTestNG.java:251)
at org.testng.remote.RemoteTestNG.main(RemoteTestNG.java:77)
]]>
            </full-stacktrace>
          </exception> <!-- java.lang.AssertionError -->
          <reporter-output>
          </reporter-output>
        </test-method> <!-- check_movie_date -->
        <test-method is-config="true" signature="close()[pri:0, instance:Movies.top_movies@29e495ff]" started-at="2022-05-13T17:38:00 EEST" name="close" finished-at="2022-05-13T17:38:01 EEST" duration-ms="665" status="PASS">
          <reporter-output>
          </reporter-output>
        </test-method> <!-- close -->
        <test-method is-config="true" signature="setUP()[pri:0, instance:Movies.top_movies@29e495ff]" started-at="2022-05-13T17:38:01 EEST" name="setUP" finished-at="2022-05-13T17:38:14 EEST" duration-ms="13271" status="PASS">
          <reporter-output>
          </reporter-output>
        </test-method> <!-- setUP -->
        <test-method signature="check_movies_list()[pri:2, instance:Movies.top_movies@29e495ff]" started-at="2022-05-13T17:38:14 EEST" name="check_movies_list" finished-at="2022-05-13T17:38:15 EEST" duration-ms="707" status="PASS">
          <reporter-output>
          </reporter-output>
        </test-method> <!-- check_movies_list -->
        <test-method is-config="true" signature="close()[pri:0, instance:Movies.top_movies@29e495ff]" started-at="2022-05-13T17:38:15 EEST" name="close" finished-at="2022-05-13T17:38:15 EEST" duration-ms="506" status="PASS">
          <reporter-output>
          </reporter-output>
        </test-method> <!-- close -->
        <test-method is-config="true" signature="setUP()[pri:0, instance:Movies.top_movies@29e495ff]" started-at="2022-05-13T17:38:15 EEST" name="setUP" finished-at="2022-05-13T17:38:29 EEST" duration-ms="13715" status="PASS">
          <reporter-output>
          </reporter-output>
        </test-method> <!-- setUP -->
        <test-method signature="check_search_movie()[pri:3, instance:Movies.top_movies@29e495ff]" started-at="2022-05-13T17:38:29 EEST" name="check_search_movie" finished-at="2022-05-13T17:38:35 EEST" duration-ms="5851" status="PASS">
          <reporter-output>
          </reporter-output>
        </test-method> <!-- check_search_movie -->
        <test-method is-config="true" signature="close()[pri:0, instance:Movies.top_movies@29e495ff]" started-at="2022-05-13T17:38:35 EEST" name="close" finished-at="2022-05-13T17:38:35 EEST" duration-ms="446" status="PASS">
          <reporter-output>
          </reporter-output>
        </test-method> <!-- close -->
        <test-method is-config="true" signature="setUP()[pri:0, instance:Movies.top_movies@29e495ff]" started-at="2022-05-13T17:38:35 EEST" name="setUP" finished-at="2022-05-13T17:38:48 EEST" duration-ms="12688" status="PASS">
          <reporter-output>
          </reporter-output>
        </test-method> <!-- setUP -->
        <test-method signature="check_movie_info()[pri:4, instance:Movies.top_movies@29e495ff]" started-at="2022-05-13T17:38:48 EEST" name="check_movie_info" finished-at="2022-05-13T17:38:54 EEST" duration-ms="5569" status="FAIL">
          <exception class="java.lang.AssertionError">
            <message>
              <![CDATA[expected [2018-03-02] but found [2018-03-05]]]>
            </message>
            <full-stacktrace>
              <![CDATA[java.lang.AssertionError: expected [2018-03-02] but found [2018-03-05]
at org.testng.Assert.fail(Assert.java:99)
at org.testng.Assert.failNotEquals(Assert.java:1037)
at org.testng.Assert.assertEqualsImpl(Assert.java:140)
at org.testng.Assert.assertEquals(Assert.java:122)
at org.testng.Assert.assertEquals(Assert.java:629)
at org.testng.Assert.assertEquals(Assert.java:639)
at Movies.top_movies.check_movie_info(top_movies.java:102)
at java.base/jdk.internal.reflect.NativeMethodAccessorImpl.invoke0(Native Method)
at java.base/jdk.internal.reflect.NativeMethodAccessorImpl.invoke(NativeMethodAccessorImpl.java:62)
at java.base/jdk.internal.reflect.DelegatingMethodAccessorImpl.invoke(DelegatingMethodAccessorImpl.java:43)
at java.base/java.lang.reflect.Method.invoke(Method.java:566)
at org.testng.internal.MethodInvocationHelper.invokeMethod(MethodInvocationHelper.java:133)
at org.testng.internal.TestInvoker.invokeMethod(TestInvoker.java:598)
at org.testng.internal.TestInvoker.invokeTestMethod(TestInvoker.java:173)
at org.testng.internal.MethodRunner.runInSequence(MethodRunner.java:46)
at org.testng.internal.TestInvoker$MethodInvocationAgent.invoke(TestInvoker.java:824)
at org.testng.internal.TestInvoker.invokeTestMethods(TestInvoker.java:146)
at org.testng.internal.TestMethodWorker.invokeTestMethods(TestMethodWorker.java:146)
at org.testng.internal.TestMethodWorker.run(TestMethodWorker.java:128)
at java.base/java.util.ArrayList.forEach(ArrayList.java:1541)
at org.testng.TestRunner.privateRun(TestRunner.java:794)
at org.testng.TestRunner.run(TestRunner.java:596)
at org.testng.SuiteRunner.runTest(SuiteRunner.java:377)
at org.testng.SuiteRunner.runSequentially(SuiteRunner.java:371)
at org.testng.SuiteRunner.privateRun(SuiteRunner.java:332)
at org.testng.SuiteRunner.run(SuiteRunner.java:276)
at org.testng.SuiteRunnerWorker.runSuite(SuiteRunnerWorker.java:53)
at org.testng.SuiteRunnerWorker.run(SuiteRunnerWorker.java:96)
at org.testng.TestNG.runSuitesSequentially(TestNG.java:1212)
at org.testng.TestNG.runSuitesLocally(TestNG.java:1134)
at org.testng.TestNG.runSuites(TestNG.java:1063)
at org.testng.TestNG.run(TestNG.java:1031)
at org.testng.remote.AbstractRemoteTestNG.run(AbstractRemoteTestNG.java:115)
at org.testng.remote.RemoteTestNG.initAndRun(RemoteTestNG.java:251)
at org.testng.remote.RemoteTestNG.main(RemoteTestNG.java:77)
]]>
            </full-stacktrace>
          </exception> <!-- java.lang.AssertionError -->
          <reporter-output>
          </reporter-output>
        </test-method> <!-- check_movie_info -->
        <test-method is-config="true" signature="close()[pri:0, instance:Movies.top_movies@29e495ff]" started-at="2022-05-13T17:38:54 EEST" name="close" finished-at="2022-05-13T17:38:54 EEST" duration-ms="531" status="PASS">
          <reporter-output>
          </reporter-output>
        </test-method> <!-- close -->
      </class> <!-- Movies.top_movies -->
    </test> <!-- Default test -->
  </suite> <!-- Default suite -->
</testng-results>
